

Microchip MPLAB XC8 Assembler V2.10 build 88905656 
                                                                                               Tue Nov 19 11:32:09 2019

Microchip MPLAB XC8 C Compiler v2.10 (Free license) build 20190730164152 Og1 
     1                           	processor	16F887
     2                           	opt	pw 120
     3                           	opt	flic
     4                           	psect	cinit,global,class=CODE,merge=1,delta=2
     5                           	psect	cstackCOMMON,global,class=COMMON,space=1,delta=1
     6                           	psect	maintext,global,class=CODE,split=1,delta=2
     7                           	psect	text1,local,class=CODE,merge=1,delta=2
     8                           	psect	text2,local,class=CODE,merge=1,delta=2
     9                           	psect	text3,local,class=CODE,merge=1,delta=2
    10                           	psect	text4,local,class=CODE,merge=1,delta=2
    11                           	psect	text5,local,class=CODE,merge=1,delta=2
    12                           	psect	intentry,global,class=CODE,delta=2
    13                           	dabs	1,0x7E,2
    14  0000                     
    15                           ; Version 2.10
    16                           ; Generated 31/07/2019 GMT
    17                           ; 
    18                           ; Copyright © 2019, Microchip Technology Inc. and its subsidiaries ("Microchip")
    19                           ; All rights reserved.
    20                           ; 
    21                           ; This software is developed by Microchip Technology Inc. and its subsidiaries ("Microch
      +                          ip").
    22                           ; 
    23                           ; Redistribution and use in source and binary forms, with or without modification, are
    24                           ; permitted provided that the following conditions are met:
    25                           ; 
    26                           ;     1. Redistributions of source code must retain the above copyright notice, this lis
      +                          t of
    27                           ;        conditions and the following disclaimer.
    28                           ; 
    29                           ;     2. Redistributions in binary form must reproduce the above copyright notice, this 
      +                          list
    30                           ;        of conditions and the following disclaimer in the documentation and/or other
    31                           ;        materials provided with the distribution.
    32                           ; 
    33                           ;     3. Microchip's name may not be used to endorse or promote products derived from th
      +                          is
    34                           ;        software without specific prior written permission.
    35                           ; 
    36                           ; THIS SOFTWARE IS PROVIDED BY MICROCHIP "AS IS" AND ANY EXPRESS OR IMPLIED WARRANTIES,
    37                           ; INCLUDING, BUT NOT LIMITED TO, THE IMPLIED WARRANTIES OF MERCHANTABILITY AND FITNESS F
      +                          OR
    38                           ; PURPOSE ARE DISCLAIMED.  IN NO EVENT SHALL MICROCHIP BE LIABLE FOR ANY DIRECT, INDIREC
      +                          T,
    39                           ; INCIDENTAL, SPECIAL, EXEMPLARY, OR CONSEQUENTIAL DAMAGES (INCLUDING BUT NOT LIMITED TO
    40                           ; PROCUREMENT OF SUBSTITUTE GOODS OR SERVICES; LOSS OF USE, DATA OR PROFITS; OR BUSINESS
    41                           ; INTERRUPTION) HOWSOEVER CAUSED AND ON ANY THEORY OF LIABILITY, WHETHER IN CONTRACT, ST
      +                          RICT
    42                           ; LIABILITY, OR TORT (INCLUDING NEGLIGENCE OR OTHERWISE) ARISING IN ANY WAY OUT OF THE U
      +                          SE OF
    43                           ; THIS SOFTWARE, EVEN IF ADVISED OF THE POSSIBILITY OF SUCH DAMAGE.
    44                           ; 
    45                           ; 
    46                           ; Code-generator required, PIC16F887 Definitions
    47                           ; 
    48                           ; SFR Addresses
    49  0000                     	;# 
    50  0001                     	;# 
    51  0002                     	;# 
    52  0003                     	;# 
    53  0004                     	;# 
    54  0005                     	;# 
    55  0006                     	;# 
    56  0007                     	;# 
    57  0008                     	;# 
    58  0009                     	;# 
    59  000A                     	;# 
    60  000B                     	;# 
    61  000C                     	;# 
    62  000D                     	;# 
    63  000E                     	;# 
    64  000E                     	;# 
    65  000F                     	;# 
    66  0010                     	;# 
    67  0011                     	;# 
    68  0012                     	;# 
    69  0013                     	;# 
    70  0014                     	;# 
    71  0015                     	;# 
    72  0015                     	;# 
    73  0016                     	;# 
    74  0017                     	;# 
    75  0018                     	;# 
    76  0019                     	;# 
    77  001A                     	;# 
    78  001B                     	;# 
    79  001B                     	;# 
    80  001C                     	;# 
    81  001D                     	;# 
    82  001E                     	;# 
    83  001F                     	;# 
    84  0081                     	;# 
    85  0085                     	;# 
    86  0086                     	;# 
    87  0087                     	;# 
    88  0088                     	;# 
    89  0089                     	;# 
    90  008C                     	;# 
    91  008D                     	;# 
    92  008E                     	;# 
    93  008F                     	;# 
    94  0090                     	;# 
    95  0091                     	;# 
    96  0092                     	;# 
    97  0093                     	;# 
    98  0093                     	;# 
    99  0093                     	;# 
   100  0094                     	;# 
   101  0095                     	;# 
   102  0096                     	;# 
   103  0097                     	;# 
   104  0098                     	;# 
   105  0099                     	;# 
   106  009A                     	;# 
   107  009B                     	;# 
   108  009C                     	;# 
   109  009D                     	;# 
   110  009E                     	;# 
   111  009F                     	;# 
   112  0105                     	;# 
   113  0107                     	;# 
   114  0108                     	;# 
   115  0109                     	;# 
   116  010C                     	;# 
   117  010C                     	;# 
   118  010D                     	;# 
   119  010E                     	;# 
   120  010F                     	;# 
   121  0185                     	;# 
   122  0187                     	;# 
   123  0188                     	;# 
   124  0189                     	;# 
   125  018C                     	;# 
   126  018D                     	;# 
   127  0000                     	;# 
   128  0001                     	;# 
   129  0002                     	;# 
   130  0003                     	;# 
   131  0004                     	;# 
   132  0005                     	;# 
   133  0006                     	;# 
   134  0007                     	;# 
   135  0008                     	;# 
   136  0009                     	;# 
   137  000A                     	;# 
   138  000B                     	;# 
   139  000C                     	;# 
   140  000D                     	;# 
   141  000E                     	;# 
   142  000E                     	;# 
   143  000F                     	;# 
   144  0010                     	;# 
   145  0011                     	;# 
   146  0012                     	;# 
   147  0013                     	;# 
   148  0014                     	;# 
   149  0015                     	;# 
   150  0015                     	;# 
   151  0016                     	;# 
   152  0017                     	;# 
   153  0018                     	;# 
   154  0019                     	;# 
   155  001A                     	;# 
   156  001B                     	;# 
   157  001B                     	;# 
   158  001C                     	;# 
   159  001D                     	;# 
   160  001E                     	;# 
   161  001F                     	;# 
   162  0081                     	;# 
   163  0085                     	;# 
   164  0086                     	;# 
   165  0087                     	;# 
   166  0088                     	;# 
   167  0089                     	;# 
   168  008C                     	;# 
   169  008D                     	;# 
   170  008E                     	;# 
   171  008F                     	;# 
   172  0090                     	;# 
   173  0091                     	;# 
   174  0092                     	;# 
   175  0093                     	;# 
   176  0093                     	;# 
   177  0093                     	;# 
   178  0094                     	;# 
   179  0095                     	;# 
   180  0096                     	;# 
   181  0097                     	;# 
   182  0098                     	;# 
   183  0099                     	;# 
   184  009A                     	;# 
   185  009B                     	;# 
   186  009C                     	;# 
   187  009D                     	;# 
   188  009E                     	;# 
   189  009F                     	;# 
   190  0105                     	;# 
   191  0107                     	;# 
   192  0108                     	;# 
   193  0109                     	;# 
   194  010C                     	;# 
   195  010C                     	;# 
   196  010D                     	;# 
   197  010E                     	;# 
   198  010F                     	;# 
   199  0185                     	;# 
   200  0187                     	;# 
   201  0188                     	;# 
   202  0189                     	;# 
   203  018C                     	;# 
   204  018D                     	;# 
   205  0010                     _T1CONbits	set	16
   206  0010                     _T1CON	set	16
   207  000F                     _TMR1H	set	15
   208  000E                     _TMR1L	set	14
   209  0016                     _CCPR1H	set	22
   210  0015                     _CCPR1L	set	21
   211  000C                     _PIR1bits	set	12
   212  0017                     _CCP1CON	set	23
   213  0009                     _PORTEbits	set	9
   214  0007                     _PORTC	set	7
   215  000B                     _INTCONbits	set	11
   216  008C                     _PIE1bits	set	140
   217  0089                     _TRISE	set	137
   218  0087                     _TRISC	set	135
   219  008F                     _OSCCON	set	143
   220  0189                     _ANSELH	set	393
   221  0188                     _ANSEL	set	392
   222                           
   223                           ; #config settings
   224  0000                     
   225                           	psect	cinit
   226  000F                     start_initialization:	
   227  000F                     __initialization:	
   228  000F                     end_of_initialization:	
   229                           ;End of C runtime variable initialization code
   230                           
   231  000F                     __end_of__initialization:	
   232  000F  0183               	clrf	3
   233  0010  120A  118A  2813   	ljmp	_main	;jump to C main() function
   234                           
   235                           	psect	cstackCOMMON
   236  0070                     __pcstackCOMMON:	
   237  0070                     ?_Init_Clock:	
   238  0070                     ?_Init_Ports:	
   239                           ; 1 bytes @ 0x0
   240                           
   241  0070                     ?_Init_Compare_Mode:	
   242                           ; 1 bytes @ 0x0
   243                           
   244  0070                     ?_Init_Timer1:	
   245                           ; 1 bytes @ 0x0
   246                           
   247  0070                     ?_MyISR:	
   248                           ; 1 bytes @ 0x0
   249                           
   250  0070                     ??_MyISR:	
   251                           ; 1 bytes @ 0x0
   252                           
   253  0070                     ?_main:	
   254                           ; 1 bytes @ 0x0
   255                           
   256                           
   257                           ; 2 bytes @ 0x0
   258  0070                     	ds	2
   259  0072                     ??_Init_Clock:	
   260  0072                     ??_Init_Ports:	
   261                           ; 1 bytes @ 0x2
   262                           
   263  0072                     ??_Init_Compare_Mode:	
   264                           ; 1 bytes @ 0x2
   265                           
   266  0072                     ??_Init_Timer1:	
   267                           ; 1 bytes @ 0x2
   268                           
   269  0072                     ??_main:	
   270                           ; 1 bytes @ 0x2
   271                           
   272                           
   273                           	psect	maintext
   274  0013                     __pmaintext:	
   275                           ; 1 bytes @ 0x2
   276 ;;
   277 ;;Main: autosize = 0, tempsize = 0, incstack = 0, save=0
   278 ;;
   279 ;; *************** function _main *****************
   280 ;; Defined at:
   281 ;;		line 42 in file "main.c"
   282 ;; Parameters:    Size  Location     Type
   283 ;;		None
   284 ;; Auto vars:     Size  Location     Type
   285 ;;		None
   286 ;; Return value:  Size  Location     Type
   287 ;;                  2   46[None  ] int 
   288 ;; Registers used:
   289 ;;		wreg, status,2, status,0, pclath, cstack
   290 ;; Tracked objects:
   291 ;;		On entry : B00/0
   292 ;;		On exit  : 0/0
   293 ;;		Unchanged: 0/0
   294 ;; Data sizes:     COMMON   BANK0   BANK1   BANK3   BANK2
   295 ;;      Params:         0       0       0       0       0
   296 ;;      Locals:         0       0       0       0       0
   297 ;;      Temps:          0       0       0       0       0
   298 ;;      Totals:         0       0       0       0       0
   299 ;;Total ram usage:        0 bytes
   300 ;; Hardware stack levels required when called:    2
   301 ;; This function calls:
   302 ;;		_Init_Clock
   303 ;;		_Init_Compare_Mode
   304 ;;		_Init_Ports
   305 ;;		_Init_Timer1
   306 ;; This function is called by:
   307 ;;		Startup code after reset
   308 ;; This function uses a non-reentrant model
   309 ;;
   310                           
   311                           
   312                           ;psect for function _main
   313  0013                     _main:	
   314  0013                     l682:	
   315                           ;incstack = 0
   316                           ; Regs used in _main: [wreg+status,2+status,0+pclath+cstack]
   317                           
   318                           
   319                           ;main.c: 44:     Init_Clock();
   320  0013  120A  118A  2065  120A  118A  	fcall	_Init_Clock
   321  0018                     l684:	
   322                           
   323                           ;main.c: 45:     Init_Ports();
   324  0018  120A  118A  204C  120A  118A  	fcall	_Init_Ports
   325  001D                     l686:	
   326                           
   327                           ;main.c: 46:     Init_Compare_Mode();
   328  001D  120A  118A  203D  120A  118A  	fcall	_Init_Compare_Mode
   329  0022                     l688:	
   330                           
   331                           ;main.c: 47:     Init_Timer1();
   332  0022  120A  118A  2059  120A  118A  	fcall	_Init_Timer1
   333  0027                     l690:	
   334                           
   335                           ;main.c: 50:     INTCONbits.PEIE =1;
   336  0027  170B               	bsf	11,6	;volatile
   337  0028                     l692:	
   338                           
   339                           ;main.c: 53:     INTCONbits.GIE = 1;
   340  0028  178B               	bsf	11,7	;volatile
   341  0029                     l47:	
   342                           ;main.c: 55:     while(1){
   343                           
   344  0029                     l48:	
   345                           ;main.c: 56:     }
   346                           
   347  0029  2829               	goto	l47
   348  002A  120A  118A  280C   	ljmp	start
   349  002D                     __end_of_main:	
   350                           
   351                           	psect	text1
   352  0059                     __ptext1:	
   353 ;; *************** function _Init_Timer1 *****************
   354 ;; Defined at:
   355 ;;		line 96 in file "main.c"
   356 ;; Parameters:    Size  Location     Type
   357 ;;		None
   358 ;; Auto vars:     Size  Location     Type
   359 ;;		None
   360 ;; Return value:  Size  Location     Type
   361 ;;                  1    wreg      void 
   362 ;; Registers used:
   363 ;;		wreg, status,2
   364 ;; Tracked objects:
   365 ;;		On entry : 0/0
   366 ;;		On exit  : 0/0
   367 ;;		Unchanged: 0/0
   368 ;; Data sizes:     COMMON   BANK0   BANK1   BANK3   BANK2
   369 ;;      Params:         0       0       0       0       0
   370 ;;      Locals:         0       0       0       0       0
   371 ;;      Temps:          0       0       0       0       0
   372 ;;      Totals:         0       0       0       0       0
   373 ;;Total ram usage:        0 bytes
   374 ;; Hardware stack levels used:    1
   375 ;; Hardware stack levels required when called:    1
   376 ;; This function calls:
   377 ;;		Nothing
   378 ;; This function is called by:
   379 ;;		_main
   380 ;; This function uses a non-reentrant model
   381 ;;
   382                           
   383                           
   384                           ;psect for function _Init_Timer1
   385  0059                     _Init_Timer1:	
   386  0059                     l672:	
   387                           ;incstack = 0
   388                           ; Regs used in _Init_Timer1: [wreg+status,2]
   389                           
   390                           
   391                           ;main.c: 99:    PIE1bits.TMR1IE = 1;
   392  0059  1683               	bsf	3,5	;RP0=1, select bank1
   393  005A  1303               	bcf	3,6	;RP1=0, select bank1
   394  005B  140C               	bsf	12,0	;volatile
   395  005C                     l674:	
   396                           
   397                           ;main.c: 102:     TMR1L = 0x00;
   398  005C  1283               	bcf	3,5	;RP0=0, select bank0
   399  005D  1303               	bcf	3,6	;RP1=0, select bank0
   400  005E  018E               	clrf	14	;volatile
   401                           
   402                           ;main.c: 103:     TMR1H = 0x00;
   403  005F  018F               	clrf	15	;volatile
   404  0060                     l676:	
   405                           
   406                           ;main.c: 106:     T1CON = 0x10;
   407  0060  3010               	movlw	16
   408  0061  0090               	movwf	16	;volatile
   409  0062                     l678:	
   410                           
   411                           ;main.c: 109:     PIR1bits.TMR1IF =0;
   412  0062  100C               	bcf	12,0	;volatile
   413  0063                     l680:	
   414                           
   415                           ;main.c: 112:     T1CONbits.TMR1ON = 1;
   416  0063  1410               	bsf	16,0	;volatile
   417  0064                     l62:	
   418  0064  0008               	return
   419  0065                     __end_of_Init_Timer1:	
   420                           
   421                           	psect	text2
   422  004C                     __ptext2:	
   423 ;; *************** function _Init_Ports *****************
   424 ;; Defined at:
   425 ;;		line 65 in file "main.c"
   426 ;; Parameters:    Size  Location     Type
   427 ;;		None
   428 ;; Auto vars:     Size  Location     Type
   429 ;;		None
   430 ;; Return value:  Size  Location     Type
   431 ;;                  1    wreg      void 
   432 ;; Registers used:
   433 ;;		status,2
   434 ;; Tracked objects:
   435 ;;		On entry : 0/0
   436 ;;		On exit  : 0/0
   437 ;;		Unchanged: 0/0
   438 ;; Data sizes:     COMMON   BANK0   BANK1   BANK3   BANK2
   439 ;;      Params:         0       0       0       0       0
   440 ;;      Locals:         0       0       0       0       0
   441 ;;      Temps:          0       0       0       0       0
   442 ;;      Totals:         0       0       0       0       0
   443 ;;Total ram usage:        0 bytes
   444 ;; Hardware stack levels used:    1
   445 ;; Hardware stack levels required when called:    1
   446 ;; This function calls:
   447 ;;		Nothing
   448 ;; This function is called by:
   449 ;;		_main
   450 ;; This function uses a non-reentrant model
   451 ;;
   452                           
   453                           
   454                           ;psect for function _Init_Ports
   455  004C                     _Init_Ports:	
   456  004C                     l662:	
   457                           ;incstack = 0
   458                           ; Regs used in _Init_Ports: [status,2]
   459                           
   460                           
   461                           ;main.c: 68:     ANSEL = 0x0;
   462  004C  1683               	bsf	3,5	;RP0=1, select bank3
   463  004D  1703               	bsf	3,6	;RP1=1, select bank3
   464  004E  0188               	clrf	8	;volatile
   465                           
   466                           ;main.c: 69:     ANSELH = 0x0;
   467  004F  0189               	clrf	9	;volatile
   468                           
   469                           ;main.c: 72:     TRISC = 0x00;
   470  0050  1683               	bsf	3,5	;RP0=1, select bank1
   471  0051  1303               	bcf	3,6	;RP1=0, select bank1
   472  0052  0187               	clrf	7	;volatile
   473                           
   474                           ;main.c: 73:     TRISE = 0x00;
   475  0053  0189               	clrf	9	;volatile
   476                           
   477                           ;main.c: 75:     PORTC = 0x00;
   478  0054  1283               	bcf	3,5	;RP0=0, select bank0
   479  0055  1303               	bcf	3,6	;RP1=0, select bank0
   480  0056  0187               	clrf	7	;volatile
   481  0057                     l664:	
   482                           
   483                           ;main.c: 76:     PORTEbits.RE0 = 1;
   484  0057  1409               	bsf	9,0	;volatile
   485  0058                     l56:	
   486  0058  0008               	return
   487  0059                     __end_of_Init_Ports:	
   488                           
   489                           	psect	text3
   490  003D                     __ptext3:	
   491 ;; *************** function _Init_Compare_Mode *****************
   492 ;; Defined at:
   493 ;;		line 79 in file "main.c"
   494 ;; Parameters:    Size  Location     Type
   495 ;;		None
   496 ;; Auto vars:     Size  Location     Type
   497 ;;		None
   498 ;; Return value:  Size  Location     Type
   499 ;;                  1    wreg      void 
   500 ;; Registers used:
   501 ;;		wreg
   502 ;; Tracked objects:
   503 ;;		On entry : 0/0
   504 ;;		On exit  : 0/0
   505 ;;		Unchanged: 0/0
   506 ;; Data sizes:     COMMON   BANK0   BANK1   BANK3   BANK2
   507 ;;      Params:         0       0       0       0       0
   508 ;;      Locals:         0       0       0       0       0
   509 ;;      Temps:          0       0       0       0       0
   510 ;;      Totals:         0       0       0       0       0
   511 ;;Total ram usage:        0 bytes
   512 ;; Hardware stack levels used:    1
   513 ;; Hardware stack levels required when called:    1
   514 ;; This function calls:
   515 ;;		Nothing
   516 ;; This function is called by:
   517 ;;		_main
   518 ;; This function uses a non-reentrant model
   519 ;;
   520                           
   521                           
   522                           ;psect for function _Init_Compare_Mode
   523  003D                     _Init_Compare_Mode:	
   524  003D                     l666:	
   525                           ;incstack = 0
   526                           ; Regs used in _Init_Compare_Mode: [wreg]
   527                           
   528                           
   529                           ;main.c: 82:     CCP1CON = 0x2;
   530  003D  3002               	movlw	2
   531  003E  1283               	bcf	3,5	;RP0=0, select bank0
   532  003F  1303               	bcf	3,6	;RP1=0, select bank0
   533  0040  0097               	movwf	23	;volatile
   534  0041                     l668:	
   535                           
   536                           ;main.c: 85:     PIE1bits.CCP1IE = 1;
   537  0041  1683               	bsf	3,5	;RP0=1, select bank1
   538  0042  1303               	bcf	3,6	;RP1=0, select bank1
   539  0043  150C               	bsf	12,2	;volatile
   540  0044                     l670:	
   541                           
   542                           ;main.c: 88:     PIR1bits.CCP1IF = 0;
   543  0044  1283               	bcf	3,5	;RP0=0, select bank0
   544  0045  1303               	bcf	3,6	;RP1=0, select bank0
   545  0046  110C               	bcf	12,2	;volatile
   546                           
   547                           ;main.c: 91:     CCPR1L = 0xAF;
   548  0047  30AF               	movlw	175
   549  0048  0095               	movwf	21	;volatile
   550                           
   551                           ;main.c: 92:     CCPR1H = 0x4B;
   552  0049  304B               	movlw	75
   553  004A  0096               	movwf	22	;volatile
   554  004B                     l59:	
   555  004B  0008               	return
   556  004C                     __end_of_Init_Compare_Mode:	
   557                           
   558                           	psect	text4
   559  0065                     __ptext4:	
   560 ;; *************** function _Init_Clock *****************
   561 ;; Defined at:
   562 ;;		line 59 in file "main.c"
   563 ;; Parameters:    Size  Location     Type
   564 ;;		None
   565 ;; Auto vars:     Size  Location     Type
   566 ;;		None
   567 ;; Return value:  Size  Location     Type
   568 ;;                  1    wreg      void 
   569 ;; Registers used:
   570 ;;		wreg
   571 ;; Tracked objects:
   572 ;;		On entry : 0/0
   573 ;;		On exit  : 0/0
   574 ;;		Unchanged: 0/0
   575 ;; Data sizes:     COMMON   BANK0   BANK1   BANK3   BANK2
   576 ;;      Params:         0       0       0       0       0
   577 ;;      Locals:         0       0       0       0       0
   578 ;;      Temps:          0       0       0       0       0
   579 ;;      Totals:         0       0       0       0       0
   580 ;;Total ram usage:        0 bytes
   581 ;; Hardware stack levels used:    1
   582 ;; Hardware stack levels required when called:    1
   583 ;; This function calls:
   584 ;;		Nothing
   585 ;; This function is called by:
   586 ;;		_main
   587 ;; This function uses a non-reentrant model
   588 ;;
   589                           
   590                           
   591                           ;psect for function _Init_Clock
   592  0065                     _Init_Clock:	
   593  0065                     l660:	
   594                           ;incstack = 0
   595                           ; Regs used in _Init_Clock: [wreg]
   596                           
   597                           
   598                           ;main.c: 62:     OSCCON = 0x01;
   599  0065  3001               	movlw	1
   600  0066  1683               	bsf	3,5	;RP0=1, select bank1
   601  0067  1303               	bcf	3,6	;RP1=0, select bank1
   602  0068  008F               	movwf	15	;volatile
   603  0069                     l53:	
   604  0069  0008               	return
   605  006A                     __end_of_Init_Clock:	
   606                           
   607                           	psect	text5
   608  002D                     __ptext5:	
   609 ;; *************** function _MyISR *****************
   610 ;; Defined at:
   611 ;;		line 116 in file "main.c"
   612 ;; Parameters:    Size  Location     Type
   613 ;;		None
   614 ;; Auto vars:     Size  Location     Type
   615 ;;		None
   616 ;; Return value:  Size  Location     Type
   617 ;;                  1    wreg      void 
   618 ;; Registers used:
   619 ;;		status,2
   620 ;; Tracked objects:
   621 ;;		On entry : 0/0
   622 ;;		On exit  : 0/0
   623 ;;		Unchanged: 0/0
   624 ;; Data sizes:     COMMON   BANK0   BANK1   BANK3   BANK2
   625 ;;      Params:         0       0       0       0       0
   626 ;;      Locals:         0       0       0       0       0
   627 ;;      Temps:          2       0       0       0       0
   628 ;;      Totals:         2       0       0       0       0
   629 ;;Total ram usage:        2 bytes
   630 ;; Hardware stack levels used:    1
   631 ;; This function calls:
   632 ;;		Nothing
   633 ;; This function is called by:
   634 ;;		Interrupt level 1
   635 ;; This function uses a non-reentrant model
   636 ;;
   637                           
   638                           
   639                           ;psect for function _MyISR
   640  002D                     _MyISR:	
   641  002D                     i1l694:	
   642                           
   643                           ;main.c: 118:     if(PIR1bits.CCP1IF == 1){
   644  002D  1283               	bcf	3,5	;RP0=0, select bank0
   645  002E  1303               	bcf	3,6	;RP1=0, select bank0
   646  002F  1D0C               	btfss	12,2	;volatile
   647  0030  2832               	goto	u1_21
   648  0031  2833               	goto	u1_20
   649  0032                     u1_21:	
   650  0032  2836               	goto	i1l68
   651  0033                     u1_20:	
   652  0033                     i1l696:	
   653                           
   654                           ;main.c: 121:         TMR1L = 0x00;
   655  0033  018E               	clrf	14	;volatile
   656                           
   657                           ;main.c: 122:         TMR1H = 0x00;
   658  0034  018F               	clrf	15	;volatile
   659  0035                     i1l698:	
   660                           
   661                           ;main.c: 125:         PIR1bits.CCP1IF = 0;
   662  0035  110C               	bcf	12,2	;volatile
   663  0036                     i1l68:	
   664  0036  0871               	movf	??_MyISR+1,w
   665  0037  008A               	movwf	10
   666  0038  0E70               	swapf	??_MyISR^(0+4294967168),w
   667  0039  0083               	movwf	3
   668  003A  0EFE               	swapf	btemp,f
   669  003B  0E7E               	swapf	btemp,w
   670  003C  0009               	retfie
   671  003D                     __end_of_MyISR:	
   672  007E                     btemp	set	126	;btemp
   673  007E                     wtemp0	set	126
   674                           
   675                           	psect	intentry
   676  0004                     __pintentry:	
   677                           ;incstack = 0
   678                           ; Regs used in _MyISR: [status,2]
   679                           
   680  0004                     interrupt_function:	
   681  007E                     saved_w	set	btemp
   682  0004  00FE               	movwf	btemp
   683  0005  0E03               	swapf	3,w
   684  0006  00F0               	movwf	??_MyISR
   685  0007  080A               	movf	10,w
   686  0008  00F1               	movwf	??_MyISR+1
   687  0009  120A  118A  282D   	ljmp	_MyISR


Data Sizes:
    Strings     0
    Constant    0
    Data        0
    BSS         0
    Persistent  0
    Stack       0

Auto Spaces:
    Space          Size  Autos    Used
    COMMON           14      2       2
    BANK0            80      0       0
    BANK1            80      0       0
    BANK3            96      0       0
    BANK2            96      0       0

Pointer List with Targets:

    None.

Critical Paths under _main in COMMON

    None.

Critical Paths under _MyISR in COMMON

    None.

Critical Paths under _main in BANK0

    None.

Critical Paths under _MyISR in BANK0

    None.

Critical Paths under _main in BANK1

    None.

Critical Paths under _MyISR in BANK1

    None.

Critical Paths under _main in BANK3

    None.

Critical Paths under _MyISR in BANK3

    None.

Critical Paths under _main in BANK2

    None.

Critical Paths under _MyISR in BANK2

    None.

Call Graph Tables:

 ---------------------------------------------------------------------------------
 (Depth) Function   	        Calls       Base Space   Used Autos Params    Refs
 ---------------------------------------------------------------------------------
 (0) _main                                                 0     0      0       0
                         _Init_Clock
                  _Init_Compare_Mode
                         _Init_Ports
                        _Init_Timer1
 ---------------------------------------------------------------------------------
 (1) _Init_Timer1                                          0     0      0       0
 ---------------------------------------------------------------------------------
 (1) _Init_Ports                                           0     0      0       0
 ---------------------------------------------------------------------------------
 (1) _Init_Compare_Mode                                    0     0      0       0
 ---------------------------------------------------------------------------------
 (1) _Init_Clock                                           0     0      0       0
 ---------------------------------------------------------------------------------
 Estimated maximum stack depth 1
 ---------------------------------------------------------------------------------
 (Depth) Function   	        Calls       Base Space   Used Autos Params    Refs
 ---------------------------------------------------------------------------------
 (2) _MyISR                                                2     2      0       0
                                              0 COMMON     2     2      0
 ---------------------------------------------------------------------------------
 Estimated maximum stack depth 2
 ---------------------------------------------------------------------------------

 Call Graph Graphs:

 _main (ROOT)
   _Init_Clock
   _Init_Compare_Mode
   _Init_Ports
   _Init_Timer1

 _MyISR (ROOT)

 Address spaces:
Name               Size   Autos  Total    Cost      Usage
BITCOMMON            E      0       0       0        0.0%
EEDATA             100      0       0       0        0.0%
NULL                 0      0       0       0        0.0%
CODE                 0      0       0       0        0.0%
COMMON               E      2       2       1       14.3%
BITSFR0              0      0       0       1        0.0%
SFR0                 0      0       0       1        0.0%
BITSFR1              0      0       0       2        0.0%
SFR1                 0      0       0       2        0.0%
STACK                0      0       0       2        0.0%
ABS                  0      0       0       3        0.0%
BITBANK0            50      0       0       4        0.0%
BITSFR3              0      0       0       4        0.0%
SFR3                 0      0       0       4        0.0%
BANK0               50      0       0       5        0.0%
BITSFR2              0      0       0       5        0.0%
SFR2                 0      0       0       5        0.0%
BITBANK1            50      0       0       6        0.0%
BANK1               50      0       0       7        0.0%
BITBANK3            60      0       0       8        0.0%
BANK3               60      0       0       9        0.0%
BITBANK2            60      0       0      10        0.0%
BANK2               60      0       0      11        0.0%
DATA                 0      0       0      12        0.0%


Microchip Technology PIC Macro Assembler V2.10 build 88905656 
Symbol Table                                                                                   Tue Nov 19 11:32:09 2019

                        l53 0069                          l62 0064                          l47 0029  
                        l56 0058                          l48 0029                          l59 004B  
                       l660 0065                         l670 0044                         l662 004C  
                       l664 0057                         l680 0063                         l672 0059  
                       l666 003D                         l674 005C                         l690 0027  
                       l682 0013                         l668 0041                         l676 0060  
                       l692 0028                         l684 0018                         l678 0062  
                       l686 001D                         l688 0022                        i1l68 0036  
                      u1_20 0033                        u1_21 0032                        _main 0013  
                      btemp 007E                        start 000C           _Init_Compare_Mode 003D  
        ?_Init_Compare_Mode 0070               ??_Init_Timer1 0072         ??_Init_Compare_Mode 0072  
                     ?_main 0070               __CFG_WDTE$OFF 0000                       _ANSEL 0188  
                     _T1CON 0010                       i1l694 002D                       i1l696 0033  
                     i1l698 0035                       _TMR1H 000F                       _TMR1L 000E  
                     _PORTC 0007                       _TRISC 0087                       _TRISE 0089  
                     _MyISR 002D                       pclath 000A                       status 0003  
                     wtemp0 007E   __end_of_Init_Compare_Mode 004C                  _Init_Clock 0065  
           __initialization 000F                  _Init_Ports 004C                __end_of_main 002D  
                    ??_main 0072         __end_of_Init_Timer1 0065                      ?_MyISR 0070  
                    _CCPR1H 0016                      _CCPR1L 0015                      _ANSELH 0189  
                    _OSCCON 008F                      saved_w 007E     __end_of__initialization 000F  
__size_of_Init_Compare_Mode 000F                 ?_Init_Clock 0070               __end_of_MyISR 003D  
            __pcstackCOMMON 0070                 ?_Init_Ports 0070                 _Init_Timer1 0059  
                   ??_MyISR 0070                  __pmaintext 0013                  __pintentry 0004  
                   _CCP1CON 0017         __size_of_Init_Clock 0005         __size_of_Init_Ports 000D  
                   __ptext1 0059                     __ptext2 004C                     __ptext3 003D  
                   __ptext4 0065                     __ptext5 002D                   _T1CONbits 0010  
      end_of_initialization 000F                   _PORTEbits 0009                ??_Init_Clock 0072  
              ??_Init_Ports 0072                ?_Init_Timer1 0070         start_initialization 000F  
        __end_of_Init_Clock 006A          __end_of_Init_Ports 0059                   ___latbits 0002  
            __size_of_MyISR 0010           interrupt_function 0004                    _PIE1bits 008C  
                  _PIR1bits 000C        __size_of_Init_Timer1 000C               __size_of_main 001A  
                _INTCONbits 000B                    intlevel1 0000  
